0 verbose cli /usr/local/nvm/versions/node/v18.12.1/bin/node /usr/local/nvm/versions/node/v18.12.1/bin/npm
1 info using npm@9.6.5
2 info using node@v18.12.1
3 timing npm:load:whichnode Completed in 17ms
4 timing config:load:defaults Completed in 3ms
5 timing config:load:file:/usr/local/nvm/versions/node/v18.12.1/lib/node_modules/npm/npmrc Completed in 1ms
6 timing config:load:builtin Completed in 1ms
7 timing config:load:cli Completed in 4ms
8 timing config:load:env Completed in 0ms
9 timing config:load:file:/home/victor_gaubinps4/.cache/typescript/3.8/.npmrc Completed in 0ms
10 timing config:load:project Completed in 2ms
11 timing config:load:file:/home/victor_gaubinps4/.npmrc Completed in 0ms
12 timing config:load:user Completed in 0ms
13 timing config:load:file:/usr/local/nvm/versions/node/v18.12.1/etc/npmrc Completed in 0ms
14 timing config:load:global Completed in 0ms
15 timing config:load:setEnvs Completed in 1ms
16 timing config:load Completed in 13ms
17 timing npm:load:configload Completed in 14ms
18 timing npm:load:mkdirpcache Completed in 0ms
19 timing npm:load:mkdirplogs Completed in 0ms
20 verbose title npm install @types/combined-stream@ts3.8 @types/follow-redirects@ts3.8 @types/mime-db@ts3.8 @types/mime-types@ts3.8 @types/proxy-from-env@ts3.8
21 verbose argv "install" "--ignore-scripts" "@types/combined-stream@ts3.8" "@types/follow-redirects@ts3.8" "@types/mime-db@ts3.8" "@types/mime-types@ts3.8" "@types/proxy-from-env@ts3.8" "--save-dev" "--user-agent" "typesInstaller/3.8.3"
22 timing npm:load:setTitle Completed in 3ms
23 timing config:load:flatten Completed in 5ms
24 timing npm:load:display Completed in 6ms
25 verbose logfile logs-max:10 dir:/home/victor_gaubinps4/.npm/_logs/2023-05-04T16_48_45_662Z-
26 verbose logfile /home/victor_gaubinps4/.npm/_logs/2023-05-04T16_48_45_662Z-debug-0.log
27 timing npm:load:logFile Completed in 13ms
28 timing npm:load:timers Completed in 0ms
29 timing npm:load:configScope Completed in 0ms
30 timing npm:load Completed in 53ms
31 timing arborist:ctor Completed in 1ms
32 silly logfile start cleaning logs, removing 1 files
33 silly logfile done cleaning log files
34 timing idealTree:init Completed in 47ms
35 timing arborist:ctor Completed in 1ms
36 http fetch GET 200 https://registry.npmjs.org/@types%2fmime-types 285ms (cache revalidated)
37 http fetch GET 200 https://registry.npmjs.org/@types%2ffollow-redirects 297ms (cache revalidated)
38 http fetch GET 200 https://registry.npmjs.org/@types%2fmime-db 1098ms (cache revalidated)
39 http fetch GET 200 https://registry.npmjs.org/@types%2fcombined-stream 1647ms (cache revalidated)
40 http fetch GET 200 https://registry.npmjs.org/@types%2fproxy-from-env 1646ms (cache revalidated)
41 timing idealTree:userRequests Completed in 1656ms
42 silly idealTree buildDeps
43 silly fetch manifest @types/combined-stream@1.0.3
44 silly fetch manifest @types/follow-redirects@1.14.1
45 silly fetch manifest @types/mime-db@1.43.1
46 silly fetch manifest @types/mime-types@2.1.1
47 silly fetch manifest @types/proxy-from-env@1.0.1
48 silly placeDep ROOT @types/combined-stream@1.0.3 REPLACE for:  want: 1.0.3
49 silly placeDep ROOT @types/follow-redirects@1.14.1 REPLACE for:  want: 1.14.1
50 silly placeDep ROOT @types/mime-db@1.43.1 REPLACE for:  want: 1.43.1
51 silly placeDep ROOT @types/mime-types@2.1.1 REPLACE for:  want: 2.1.1
52 silly placeDep ROOT @types/proxy-from-env@1.0.1 REPLACE for:  want: 1.0.1
53 timing idealTree:#root Completed in 31ms
54 timing idealTree:node_modules/@types/combined-stream Completed in 0ms
55 timing idealTree:node_modules/@types/follow-redirects Completed in 0ms
56 timing idealTree:node_modules/@types/mime-db Completed in 0ms
57 timing idealTree:node_modules/@types/mime-types Completed in 0ms
58 timing idealTree:node_modules/@types/proxy-from-env Completed in 1ms
59 timing idealTree:buildDeps Completed in 36ms
60 timing idealTree:fixDepFlags Completed in 1ms
61 timing idealTree Completed in 1741ms
62 timing reify:loadTrees Completed in 1743ms
63 timing reify:diffTrees Completed in 2ms
64 silly reify moves {}
65 timing reify:retireShallow Completed in 3ms
66 timing reify:createSparse Completed in 0ms
67 timing reify:loadBundles Completed in 0ms
68 silly audit bulk request {
68 silly audit   '@types/node': [ '18.16.3' ],
68 silly audit   'types-registry': [ '0.1.642' ],
68 silly audit   '@types/combined-stream': [ '1.0.3' ],
68 silly audit   '@types/follow-redirects': [ '1.14.1' ],
68 silly audit   '@types/mime-db': [ '1.43.1' ],
68 silly audit   '@types/mime-types': [ '2.1.1' ],
68 silly audit   '@types/proxy-from-env': [ '1.0.1' ]
68 silly audit }
69 timing reify:unpack Completed in 1ms
70 timing reify:unretire Completed in 0ms
71 timing build:queue Completed in 0ms
72 timing build:deps Completed in 1ms
73 timing build Completed in 1ms
74 timing reify:build Completed in 2ms
75 timing reify:trash Completed in 0ms
76 timing reify:save Completed in 22ms
77 http fetch POST 200 https://registry.npmjs.org/-/npm/v1/security/advisories/bulk 202ms
78 timing auditReport:getReport Completed in 212ms
79 silly audit report {}
80 timing auditReport:init Completed in 0ms
81 timing reify:audit Completed in 213ms
82 timing reify Completed in 1971ms
83 timing command:install Completed in 1979ms
84 verbose exit 0
85 timing npm Completed in 2406ms
86 info ok
