0 verbose cli /usr/local/nvm/versions/node/v18.12.1/bin/node /usr/local/nvm/versions/node/v18.12.1/bin/npm
1 info using npm@9.6.4
2 info using node@v18.12.1
3 timing npm:load:whichnode Completed in 1ms
4 timing config:load:defaults Completed in 2ms
5 timing config:load:file:/usr/local/nvm/versions/node/v18.12.1/lib/node_modules/npm/npmrc Completed in 1ms
6 timing config:load:builtin Completed in 1ms
7 timing config:load:cli Completed in 3ms
8 timing config:load:env Completed in 1ms
9 timing config:load:project Completed in 0ms
10 timing config:load:file:/home/victor_gaubinps4/.npmrc Completed in 1ms
11 timing config:load:user Completed in 1ms
12 timing config:load:file:/usr/local/nvm/versions/node/v18.12.1/etc/npmrc Completed in 0ms
13 timing config:load:global Completed in 0ms
14 timing config:load:setEnvs Completed in 1ms
15 timing config:load Completed in 9ms
16 timing npm:load:configload Completed in 9ms
17 timing npm:load:mkdirpcache Completed in 1ms
18 timing npm:load:mkdirplogs Completed in 0ms
19 verbose title npm install npm@9.6.5
20 verbose argv "install" "--global" "npm@9.6.5"
21 timing npm:load:setTitle Completed in 2ms
22 timing config:load:flatten Completed in 4ms
23 timing npm:load:display Completed in 5ms
24 verbose logfile logs-max:10 dir:/home/victor_gaubinps4/.npm/_logs/2023-05-03T12_46_36_953Z-
25 verbose logfile /home/victor_gaubinps4/.npm/_logs/2023-05-03T12_46_36_953Z-debug-0.log
26 timing npm:load:logFile Completed in 10ms
27 timing npm:load:timers Completed in 0ms
28 timing npm:load:configScope Completed in 0ms
29 timing npm:load Completed in 28ms
30 timing config:load:flatten Completed in 1ms
31 silly logfile done cleaning log files
32 http fetch GET 200 https://registry.npmjs.org/npm 47ms (cache hit)
33 timing arborist:ctor Completed in 1ms
34 timing idealTree:init Completed in 8ms
35 timing idealTree:userRequests Completed in 2ms
36 silly idealTree buildDeps
37 silly fetch manifest npm@9.6.5
38 http fetch GET 200 https://registry.npmjs.org/npm 10ms (cache hit)
39 silly placeDep ROOT npm@9.6.5 OK for:  want: 9.6.5
40 timing idealTree:#root Completed in 49ms
41 timing idealTree:node_modules/npm Completed in 0ms
42 timing idealTree:buildDeps Completed in 51ms
43 timing idealTree:fixDepFlags Completed in 0ms
44 timing idealTree Completed in 62ms
45 timing reify:loadTrees Completed in 457ms
46 timing reify:diffTrees Completed in 11ms
47 silly reify mark retired [
47 silly reify   '/usr/local/nvm/versions/node/v18.12.1/lib/node_modules/npm',
47 silly reify   '/usr/local/nvm/versions/node/v18.12.1/bin/npm',
47 silly reify   '/usr/local/nvm/versions/node/v18.12.1/bin/npx'
47 silly reify ]
48 silly reify moves {
48 silly reify   '/usr/local/nvm/versions/node/v18.12.1/lib/node_modules/npm': '/usr/local/nvm/versions/node/v18.12.1/lib/node_modules/.npm-p6ZFT091',
48 silly reify   '/usr/local/nvm/versions/node/v18.12.1/bin/npm': '/usr/local/nvm/versions/node/v18.12.1/bin/.npm-owYtG5Rf',
48 silly reify   '/usr/local/nvm/versions/node/v18.12.1/bin/npx': '/usr/local/nvm/versions/node/v18.12.1/bin/.npx-oaY7fFId'
48 silly reify }
49 timing reify:retireShallow Completed in 9458ms
50 timing reify:createSparse Completed in 0ms
51 silly tarball no local data for npm@https://registry.npmjs.org/npm/-/npm-9.6.5.tgz. Extracting by manifest.
52 http fetch GET 200 https://registry.npmjs.org/npm/-/npm-9.6.5.tgz 2306ms (cache miss)
53 timing reifyNode:node_modules/npm Completed in 2315ms
54 timing arborist:ctor Completed in 0ms
55 timing reify:diffTrees Completed in 7ms
56 timing reify:loadBundles Completed in 2920ms
57 timing reify:unpack Completed in 1ms
58 timing reify:unretire Completed in 2ms
59 timing build:queue Completed in 73ms
60 timing build:link:node_modules/npm/node_modules/@npmcli/arborist Completed in 9ms
61 timing build:link:node_modules/npm/node_modules/node-gyp/node_modules/nopt Completed in 8ms
62 timing build:link:node_modules/npm Completed in 10ms
63 timing build:link:node_modules/npm/node_modules/@npmcli/installed-package-contents Completed in 10ms
64 timing build:link:node_modules/npm/node_modules/color-support Completed in 9ms
65 timing build:link:node_modules/npm/node_modules/cssesc Completed in 9ms
66 timing build:link:node_modules/npm/node_modules/mkdirp Completed in 9ms
67 timing build:link:node_modules/npm/node_modules/node-gyp Completed in 9ms
68 timing build:link:node_modules/npm/node_modules/nopt Completed in 9ms
69 timing build:link:node_modules/npm/node_modules/pacote Completed in 9ms
70 timing build:link:node_modules/npm/node_modules/qrcode-terminal Completed in 9ms
71 timing build:link:node_modules/npm/node_modules/rimraf Completed in 9ms
72 timing build:link:node_modules/npm/node_modules/semver Completed in 8ms
73 timing build:link:node_modules/npm/node_modules/sigstore Completed in 8ms
74 timing build:link:node_modules/npm/node_modules/which Completed in 9ms
75 timing build:link:node_modules/npm/node_modules/node-gyp/node_modules/which Completed in 9ms
76 timing build:link Completed in 12ms
77 timing build:deps Completed in 86ms
78 timing build Completed in 86ms
79 timing reify:build Completed in 87ms
80 timing reify:trash Completed in 212ms
81 timing reify Completed in 13156ms
82 silly CHANGE node_modules/npm
83 silly CHANGE node_modules/npm/node_modules/@tufjs/models
84 silly CHANGE node_modules/npm/node_modules/@npmcli/metavuln-calculator
85 silly CHANGE node_modules/npm/node_modules/@npmcli/installed-package-contents
86 silly CHANGE node_modules/npm/node_modules/@npmcli/config
87 silly CHANGE node_modules/npm/node_modules/@npmcli/arborist
88 silly CHANGE node_modules/npm/node_modules/which
89 silly CHANGE node_modules/npm/node_modules/rimraf
90 silly CHANGE node_modules/npm/node_modules/walk-up-path
91 silly CHANGE node_modules/npm/node_modules/read
92 silly CHANGE node_modules/npm/node_modules/tuf-js
93 silly CHANGE node_modules/npm/node_modules/ssri
94 silly CHANGE node_modules/npm/node_modules/qrcode-terminal
95 silly CHANGE node_modules/npm/node_modules/sigstore
96 silly CHANGE node_modules/npm/node_modules/semver
97 silly CHANGE node_modules/npm/node_modules/pacote
98 silly CHANGE node_modules/npm/node_modules/npm-registry-fetch
99 silly CHANGE node_modules/npm/node_modules/npm-install-checks
100 silly CHANGE node_modules/npm/node_modules/nopt
101 silly CHANGE node_modules/npm/node_modules/node-gyp
102 silly CHANGE node_modules/npm/node_modules/node-gyp/node_modules/which
103 silly CHANGE node_modules/npm/node_modules/node-gyp/node_modules/nopt
104 silly CHANGE node_modules/npm/node_modules/mkdirp
105 silly CHANGE node_modules/npm/node_modules/minipass-fetch
106 silly CHANGE node_modules/npm/node_modules/minipass
107 silly CHANGE node_modules/npm/node_modules/minimatch
108 silly CHANGE node_modules/npm/node_modules/make-fetch-happen
109 silly CHANGE node_modules/npm/node_modules/libnpmpack
110 silly CHANGE node_modules/npm/node_modules/libnpmexec
111 silly CHANGE node_modules/npm/node_modules/libnpmdiff
112 silly CHANGE node_modules/npm/node_modules/libnpmfund
113 silly CHANGE node_modules/npm/node_modules/ini
114 silly CHANGE node_modules/npm/node_modules/cssesc
115 silly CHANGE node_modules/npm/node_modules/color-support
116 timing command:install Completed in 13265ms
117 verbose exit 0
118 timing npm Completed in 13314ms
119 info ok
