0 verbose cli /usr/local/nvm/versions/node/v18.12.1/bin/node /usr/local/nvm/versions/node/v18.12.1/bin/npm
1 info using npm@9.6.4
2 info using node@v18.12.1
3 timing npm:load:whichnode Completed in 1ms
4 timing config:load:defaults Completed in 2ms
5 timing config:load:file:/usr/local/nvm/versions/node/v18.12.1/lib/node_modules/npm/npmrc Completed in 0ms
6 timing config:load:builtin Completed in 1ms
7 timing config:load:cli Completed in 2ms
8 timing config:load:env Completed in 1ms
9 timing config:load:file:/home/victor_gaubinps4/web/.npmrc Completed in 0ms
10 timing config:load:project Completed in 1ms
11 timing config:load:file:/home/victor_gaubinps4/.npmrc Completed in 0ms
12 timing config:load:user Completed in 1ms
13 timing config:load:file:/usr/local/nvm/versions/node/v18.12.1/etc/npmrc Completed in 0ms
14 timing config:load:global Completed in 0ms
15 timing config:load:setEnvs Completed in 1ms
16 timing config:load Completed in 9ms
17 timing npm:load:configload Completed in 9ms
18 timing npm:load:mkdirpcache Completed in 1ms
19 timing npm:load:mkdirplogs Completed in 0ms
20 verbose title npm install axios
21 verbose argv "install" "axios"
22 timing npm:load:setTitle Completed in 1ms
23 timing config:load:flatten Completed in 3ms
24 timing npm:load:display Completed in 5ms
25 verbose logfile logs-max:10 dir:/home/victor_gaubinps4/.npm/_logs/2023-05-03T12_46_28_337Z-
26 verbose logfile /home/victor_gaubinps4/.npm/_logs/2023-05-03T12_46_28_337Z-debug-0.log
27 timing npm:load:logFile Completed in 10ms
28 timing npm:load:timers Completed in 1ms
29 timing npm:load:configScope Completed in 0ms
30 timing npm:load Completed in 29ms
31 timing config:load:flatten Completed in 1ms
32 timing arborist:ctor Completed in 1ms
33 timing arborist:ctor Completed in 0ms
34 silly logfile done cleaning log files
35 timing idealTree:init Completed in 17ms
36 timing idealTree:userRequests Completed in 2ms
37 silly idealTree buildDeps
38 silly fetch manifest axios@*
39 http fetch GET 200 https://registry.npmjs.org/axios 128ms (cache miss)
40 silly placeDep ROOT axios@1.4.0 OK for:  want: *
41 silly fetch manifest follow-redirects@^1.15.0
42 silly fetch manifest form-data@^4.0.0
43 silly fetch manifest proxy-from-env@^1.1.0
44 http fetch GET 200 https://registry.npmjs.org/npm 303ms (cache miss)
45 http fetch GET 200 https://registry.npmjs.org/form-data 83ms (cache miss)
46 http fetch GET 200 https://registry.npmjs.org/proxy-from-env 83ms (cache miss)
47 http fetch GET 200 https://registry.npmjs.org/follow-redirects 89ms (cache miss)
48 timing idealTree:#root Completed in 240ms
49 silly placeDep ROOT follow-redirects@1.15.2 OK for: axios@1.4.0 want: ^1.15.0
50 silly placeDep ROOT form-data@4.0.0 OK for: axios@1.4.0 want: ^4.0.0
51 silly placeDep ROOT proxy-from-env@1.1.0 OK for: axios@1.4.0 want: ^1.1.0
52 silly fetch manifest asynckit@^0.4.0
53 silly fetch manifest combined-stream@^1.0.8
54 silly fetch manifest mime-types@^2.1.12
55 http fetch GET 200 https://registry.npmjs.org/asynckit 44ms (cache miss)
56 http fetch GET 200 https://registry.npmjs.org/mime-types 38ms (cache miss)
57 http fetch GET 200 https://registry.npmjs.org/combined-stream 69ms (cache miss)
58 timing idealTree:node_modules/axios Completed in 89ms
59 timing idealTree:node_modules/follow-redirects Completed in 0ms
60 silly placeDep ROOT asynckit@0.4.0 OK for: form-data@4.0.0 want: ^0.4.0
61 silly placeDep ROOT combined-stream@1.0.8 OK for: form-data@4.0.0 want: ^1.0.8
62 silly placeDep ROOT mime-types@2.1.35 OK for: form-data@4.0.0 want: ^2.1.12
63 silly fetch manifest delayed-stream@~1.0.0
64 silly fetch manifest mime-db@1.52.0
65 http fetch GET 200 https://registry.npmjs.org/delayed-stream 38ms (cache miss)
66 http fetch GET 200 https://registry.npmjs.org/mime-db 32ms (cache miss)
67 timing idealTree:node_modules/form-data Completed in 72ms
68 timing idealTree:node_modules/asynckit Completed in 0ms
69 silly placeDep ROOT delayed-stream@1.0.0 OK for: combined-stream@1.0.8 want: ~1.0.0
70 timing idealTree:node_modules/combined-stream Completed in 2ms
71 timing idealTree:node_modules/delayed-stream Completed in 0ms
72 silly placeDep ROOT mime-db@1.52.0 OK for: mime-types@2.1.35 want: 1.52.0
73 timing idealTree:node_modules/mime-types Completed in 2ms
74 timing idealTree:node_modules/mime-db Completed in 0ms
75 timing idealTree:node_modules/proxy-from-env Completed in 0ms
76 timing idealTree:buildDeps Completed in 408ms
77 timing idealTree:fixDepFlags Completed in 0ms
78 timing idealTree Completed in 430ms
79 timing reify:loadTrees Completed in 432ms
80 timing reify:diffTrees Completed in 1ms
81 silly reify moves {}
82 timing reify:retireShallow Completed in 1ms
83 timing reify:createSparse Completed in 2ms
84 timing reify:loadBundles Completed in 0ms
85 silly tarball no local data for mime-db@https://registry.npmjs.org/mime-db/-/mime-db-1.52.0.tgz. Extracting by manifest.
86 silly tarball no local data for delayed-stream@https://registry.npmjs.org/delayed-stream/-/delayed-stream-1.0.0.tgz. Extracting by manifest.
87 silly tarball no local data for combined-stream@https://registry.npmjs.org/combined-stream/-/combined-stream-1.0.8.tgz. Extracting by manifest.
88 silly tarball no local data for mime-types@https://registry.npmjs.org/mime-types/-/mime-types-2.1.35.tgz. Extracting by manifest.
89 silly tarball no local data for asynckit@https://registry.npmjs.org/asynckit/-/asynckit-0.4.0.tgz. Extracting by manifest.
90 silly tarball no local data for proxy-from-env@https://registry.npmjs.org/proxy-from-env/-/proxy-from-env-1.1.0.tgz. Extracting by manifest.
91 silly tarball no local data for form-data@https://registry.npmjs.org/form-data/-/form-data-4.0.0.tgz. Extracting by manifest.
92 silly tarball no local data for follow-redirects@https://registry.npmjs.org/follow-redirects/-/follow-redirects-1.15.2.tgz. Extracting by manifest.
93 silly tarball no local data for axios@https://registry.npmjs.org/axios/-/axios-1.4.0.tgz. Extracting by manifest.
94 http fetch GET 200 https://registry.npmjs.org/delayed-stream/-/delayed-stream-1.0.0.tgz 73ms (cache miss)
95 timing reifyNode:node_modules/delayed-stream Completed in 92ms
96 http fetch GET 200 https://registry.npmjs.org/combined-stream/-/combined-stream-1.0.8.tgz 74ms (cache miss)
97 timing reifyNode:node_modules/combined-stream Completed in 94ms
98 http fetch GET 200 https://registry.npmjs.org/mime-db/-/mime-db-1.52.0.tgz 79ms (cache miss)
99 timing reifyNode:node_modules/mime-db Completed in 96ms
100 http fetch GET 200 https://registry.npmjs.org/mime-types/-/mime-types-2.1.35.tgz 159ms (cache miss)
101 timing reifyNode:node_modules/mime-types Completed in 180ms
102 http fetch GET 200 https://registry.npmjs.org/form-data/-/form-data-4.0.0.tgz 163ms (cache miss)
103 timing reifyNode:node_modules/form-data Completed in 184ms
104 http fetch GET 200 https://registry.npmjs.org/follow-redirects/-/follow-redirects-1.15.2.tgz 164ms (cache miss)
105 timing reifyNode:node_modules/follow-redirects Completed in 187ms
106 http fetch GET 200 https://registry.npmjs.org/proxy-from-env/-/proxy-from-env-1.1.0.tgz 169ms (cache miss)
107 timing reifyNode:node_modules/proxy-from-env Completed in 191ms
108 http fetch GET 200 https://registry.npmjs.org/asynckit/-/asynckit-0.4.0.tgz 172ms (cache miss)
109 timing reifyNode:node_modules/asynckit Completed in 194ms
110 http fetch GET 200 https://registry.npmjs.org/axios/-/axios-1.4.0.tgz 280ms (cache miss)
111 timing reifyNode:node_modules/axios Completed in 304ms
112 timing reify:unpack Completed in 307ms
113 timing reify:unretire Completed in 0ms
114 timing build:queue Completed in 1ms
115 timing build:deps Completed in 2ms
116 timing build Completed in 3ms
117 timing reify:build Completed in 3ms
118 timing reify:trash Completed in 0ms
119 timing reify:save Completed in 11ms
120 timing reify Completed in 877ms
121 silly ADD node_modules/mime-db
122 silly ADD node_modules/delayed-stream
123 silly ADD node_modules/mime-types
124 silly ADD node_modules/combined-stream
125 silly ADD node_modules/asynckit
126 silly ADD node_modules/proxy-from-env
127 silly ADD node_modules/form-data
128 silly ADD node_modules/follow-redirects
129 silly ADD node_modules/axios
130 timing command:install Completed in 888ms
131 notice
131 notice New [32mpatch[39m version of npm available! [31m9.6.4[39m -> [32m9.6.5[39m
131 notice Changelog: [36mhttps://github.com/npm/cli/releases/tag/v9.6.5[39m
131 notice Run [32mnpm install -g npm@9.6.5[39m to update!
131 notice
132 verbose exit 0
133 timing npm Completed in 970ms
134 info ok
